C:\Program Files\Microsoft Visual Studio\2022\Community\MSBuild\Microsoft\VC\v170\Microsoft.CppBuild.targets(500,5): warning MSB8004: Output Directory does not end with a trailing slash.  This build instance will add the slash as it is required to allow proper evaluation of the Output Directory.
  aimbot.cpp
  bonesetup.cpp
  button.cpp
  callbacks.cpp
  chams.cpp
  checkbox.cpp
  client.cpp
  clientdll.cpp
C:\Users\Ggali\Documents\GitHub\dick\cathooklegacy-main\fvvssvvfs\gh.h(137,1): warning C4102: 'BREAKTROUGH': unreferenced label (compiling source file client.cpp)
C:\Users\Ggali\Documents\GitHub\dick\cathooklegacy-main\fvvssvvfs\aimbot.cpp(1565,35): warning C4018: '<': signed/unsigned mismatch
C:\Users\Ggali\Documents\GitHub\dick\cathooklegacy-main\fvvssvvfs\chams.cpp(287,14): warning C4834: discarding return value of function with 'nodiscard' attribute
C:\Users\Ggali\Documents\GitHub\dick\cathooklegacy-main\fvvssvvfs\chams.cpp(324,13): warning C4101: 'record': unreferenced local variable
C:\Users\Ggali\Documents\GitHub\dick\cathooklegacy-main\fvvssvvfs\aimbot.cpp(2611,6): warning C4101: 'hitbox': unreferenced local variable
  clientmode.cpp
  clientstate.cpp
  colorpicker.cpp
  config.cpp
  csgo.cpp
  cvar.cpp
  dropdown.cpp
  edit.cpp
  engine.cpp
  entry.cpp
  events.cpp
  firebullets.cpp
  form.cpp
  gh.cpp
  grenades.cpp
  gui.cpp
C:\Users\Ggali\Documents\GitHub\dick\cathooklegacy-main\fvvssvvfs\gh.h(137,1): warning C4102: 'BREAKTROUGH': unreferenced label (compiling source file gh.cpp)
C:\Users\Ggali\Documents\GitHub\dick\cathooklegacy-main\fvvssvvfs\gh.cpp(92,33): warning C4305: '=': truncation from 'double' to 'float'
  hooks.cpp
  hvh.cpp
  keybind.cpp
  knifebot.cpp
  lagcomp.cpp
C:\Users\Ggali\Documents\GitHub\dick\cathooklegacy-main\fvvssvvfs\gh.cpp(140): warning C4715: 'index_to_grenade_name_icon': not all control paths return a value
  matchframework.cpp
  materialsystem.cpp
  math.cpp
  modelrender.cpp
  movement.cpp
  multidropdown.cpp
  netchannel.cpp
  netdata.cpp
  panel.cpp
  penetration.cpp
  player.cpp
C:\Users\Ggali\Documents\GitHub\dick\cathooklegacy-main\fvvssvvfs\modelrender.cpp(5,19): warning C4101: 'OriginalFn': unreferenced local variable
  pred.cpp
  prediction.cpp
  render.cpp
  renderview.cpp
  resolver.cpp
  shadowmgr.cpp
  shots.cpp
  skins.cpp
  slider.cpp
  surface.cpp
  viewrender.cpp
  visuals.cpp
  wndproc.cpp
C:\Users\Ggali\Documents\GitHub\dick\cathooklegacy-main\fvvssvvfs\gh.h(137,1): warning C4102: 'BREAKTROUGH': unreferenced label (compiling source file visuals.cpp)
C:\Users\Ggali\Documents\GitHub\dick\cathooklegacy-main\fvvssvvfs\visuals.cpp(1331,60): warning C4805: '==': unsafe mix of type 'int' and type 'bool' in operation
  supremacy_csgo.vcxproj -> C:\Users\Ggali\Documents\GitHub\dick\cathooklegacy-main\fvvssvvfs\output\cathook.dll
